+-------+---+-----------+----------+
|   Name|Age|       City|      Date|
+-------+---+-----------+----------+
|  Alice| 25|   New York|2023-01-01|
|    Bob| 36|Los Angeles|2023-02-15|
|Charlie| 35|    Chicago|2023-03-10|
|  David| 40|    Houston|2023-04-22|
|    Ind| 24|    Phoenix|2023-05-05|
|  Naman| 20|     Sydney|2023-06-30|
+-------+---+-----------+----------+

None
+-------+-------+-------------+----------+
|   Name|    Age|         City|      Date|
+-------+-------+-------------+----------+
|  Alice|   26.0|     New York|2023-01-02|
|    Bob|   30.0|San Francisco|2023-02-16|
|Charlie|   35.0|      Chicago|2023-03-11|
|  David|   41.0|       Dallas|2023-04-23|
|    Eva|   28.0|      Phoenix|2023-05-06|
|  Naman|20.0001|        Tokyo|2023-06-29|
+-------+-------+-------------+----------+

None
+--------+-------+-----------+-------------+--------------------+--------------------+
|Var_Name|   Name|       Base|       Sample|                Diff|            Diff_Abs|
+--------+-------+-----------+-------------+--------------------+--------------------+
|    City|    Bob|Los Angeles|San Francisco|                NULL|                NULL|
|    City|  David|    Houston|       Dallas|                NULL|                NULL|
|    City|  Naman|     Sydney|        Tokyo|                NULL|                NULL|
|     Age|    Bob|         36|         30.0|                 6.0|                 6.0|
|     Age|  Alice|         25|         26.0|                -1.0|                 1.0|
|     Age|  David|         40|         41.0|                -1.0|                 1.0|
|     Age|  Naman|         20|      20.0001|-9.99999999997669...|9.999999999976694E-5|
|    Date|  Alice| 2023-01-01|   2023-01-02|                NULL|                NULL|
|    Date|    Bob| 2023-02-15|   2023-02-16|                NULL|                NULL|
|    Date|Charlie| 2023-03-10|   2023-03-11|                NULL|                NULL|
|    Date|  David| 2023-04-22|   2023-04-23|                NULL|                NULL|
|    Date|  Naman| 2023-06-30|   2023-06-29|                NULL|                NULL|
+--------+-------+-----------+-------------+--------------------+--------------------+

None
